<?xml version="1.0" encoding="UTF-8"?>
<testsuite name="org.neil.neural.OutputTest" tests="1" skipped="0" failures="0" errors="0" timestamp="2021-11-27T02:44:29" hostname="users-MacBook-Pro.local" time="0.02">
  <properties/>
  <testcase name="testConsume()" classname="org.neil.neural.OutputTest" time="0.02"/>
  <system-out><![CDATA[]]></system-out>
  <system-err><![CDATA[]]></system-err>
</testsuite>
